This file contains any messages produced by compilers while
running configure, to aid debugging if configure makes a mistake.

It was created by bettermake configure 1.0, which was
generated by GNU Autoconf 2.69.  Invocation command line was

  $ ./configure 

## --------- ##
## Platform. ##
## --------- ##

hostname = aleks-solus
uname -m = x86_64
uname -r = 5.6.19-158.current
uname -s = Linux
uname -v = #1 SMP PREEMPT Sun Jul 26 14:17:01 UTC 2020

/usr/bin/uname -p = unknown
/bin/uname -X     = unknown

/bin/arch              = x86_64
/usr/bin/arch -k       = unknown
/usr/convex/getsysinfo = unknown
/usr/bin/hostinfo      = unknown
/bin/machine           = unknown
/usr/bin/oslevel       = unknown
/bin/universe          = unknown

PATH: /home/linuxbrew/.linuxbrew/bin
PATH: /home/linuxbrew/.linuxbrew/sbin
PATH: /home/aleks/.npm-global/bin
PATH: /home/aleks/bin
PATH: /usr/local/bin
PATH: /home/aleks/.sdkman/candidates/java/current/bin
PATH: /home/linuxbrew/.linuxbrew/bin
PATH: /home/linuxbrew/.linuxbrew/sbin
PATH: /home/aleks/.npm-global/bin
PATH: /home/aleks/bin
PATH: /usr/local/bin
PATH: /sbin
PATH: /bin
PATH: /usr/sbin
PATH: /usr/bin
PATH: /usr/local/bin
PATH: /snap/bin


## ----------- ##
## Core tests. ##
## ----------- ##

configure:1829: checking for a BSD-compatible install
configure:1897: result: /usr/bin/install -c
configure:1908: checking whether build environment is sane
configure:1963: result: yes
configure:2112: checking for a thread-safe mkdir -p
configure:2151: result: /bin/mkdir -p
configure:2158: checking for gawk
configure:2174: found /usr/bin/gawk
configure:2185: result: gawk
configure:2196: checking whether make sets $(MAKE)
configure:2218: result: yes
configure:2247: checking whether make supports nested variables
configure:2264: result: yes
configure:2453: checking for g++
configure:2469: found /usr/bin/g++
configure:2480: result: g++
configure:2507: checking for C++ compiler version
configure:2516: g++ --version >&5
g++ (Solus) 9.3.0
Copyright (C) 2019 Free Software Foundation, Inc.
This is free software; see the source for copying conditions.  There is NO
warranty; not even for MERCHANTABILITY or FITNESS FOR A PARTICULAR PURPOSE.

configure:2527: $? = 0
configure:2516: g++ -v >&5
Using built-in specs.
COLLECT_GCC=g++
COLLECT_LTO_WRAPPER=/usr/lib64/gcc/x86_64-solus-linux/9/lto-wrapper
Target: x86_64-solus-linux
Configured with: ../configure --prefix=/usr --with-pkgversion=Solus --libdir=/usr/lib64 --libexecdir=/usr/lib64 --with-system-zlib --enable-cet --enable-default-ssp --enable-shared --enable-threads=posix --enable-gnu-indirect-function --enable-__cxa_atexit --enable-plugin --enable-gold --enable-ld=default --enable-clocale=gnu --enable-multilib --with-multilib-list=m32,m64 --enable-lto --with-gcc-major-version-only --with-bugurl=https://dev.getsol.us/ --with-arch_32=i686 --enable-linker-build-id --with-linker-hash-style=gnu --with-gnu-ld --build=x86_64-solus-linux --target=x86_64-solus-linux --enable-languages=c,c++,fortran
Thread model: posix
gcc version 9.3.0 (Solus) 
configure:2527: $? = 0
configure:2516: g++ -V >&5
g++: error: unrecognized command line option '-V'
g++: fatal error: no input files
compilation terminated.
configure:2527: $? = 1
configure:2516: g++ -qversion >&5
g++: error: unrecognized command line option '-qversion'; did you mean '--version'?
g++: fatal error: no input files
compilation terminated.
configure:2527: $? = 1
configure:2547: checking whether the C++ compiler works
configure:2569: g++    conftest.cpp  >&5
configure:2573: $? = 0
configure:2621: result: yes
configure:2624: checking for C++ compiler default output file name
configure:2626: result: a.out
configure:2632: checking for suffix of executables
configure:2639: g++ -o conftest    conftest.cpp  >&5
configure:2643: $? = 0
configure:2665: result: 
configure:2687: checking whether we are cross compiling
configure:2695: g++ -o conftest    conftest.cpp  >&5
configure:2699: $? = 0
configure:2706: ./conftest
configure:2710: $? = 0
configure:2698: result: no
configure:2703: checking for suffix of object files
configure:2725: g++ -c   conftest.cpp >&5
configure:2729: $? = 0
configure:2750: result: o
configure:2754: checking whether we are using the GNU C++ compiler
configure:2773: g++ -c   conftest.cpp >&5
configure:2773: $? = 0
configure:2782: result: yes
configure:2791: checking whether g++ accepts -g
configure:2811: g++ -c -g  conftest.cpp >&5
configure:2811: $? = 0
configure:2852: result: yes
configure:2878: checking whether make supports the include directive
configure:2893: make -f confmf.GNU && cat confinc.out
this is the am__doit target
configure:2896: $? = 0
configure:2915: result: yes (GNU style)
configure:2940: checking dependency style of g++
configure:3051: result: gcc3
configure:3178: checking that generated files are newer than configure
configure:3184: result: done
configure:3207: creating ./config.status

## ---------------------- ##
## Running config.status. ##
## ---------------------- ##

This file was extended by bettermake config.status 1.0, which was
generated by GNU Autoconf 2.69.  Invocation command line was

  CONFIG_FILES    = 
  CONFIG_HEADERS  = 
  CONFIG_LINKS    = 
  CONFIG_COMMANDS = 
  $ ./config.status 

on aleks-solus

config.status:835: creating Makefile
config.status:835: creating config.h
config.status:1016: config.h is unchanged
config.status:1064: executing depfiles commands
config.status:1141: cd .       && sed -e '/# am--include-marker/d' Makefile         | make -f - am--depfiles
make: Nothing to be done for 'am--depfiles'.
config.status:1146: $? = 0

## ---------------- ##
## Cache variables. ##
## ---------------- ##

ac_cv_cxx_compiler_gnu=yes
ac_cv_env_CCC_set=
ac_cv_env_CCC_value=
ac_cv_env_CPPFLAGS_set=
ac_cv_env_CPPFLAGS_value=
ac_cv_env_CXXFLAGS_set=
ac_cv_env_CXXFLAGS_value=
ac_cv_env_CXX_set=
ac_cv_env_CXX_value=
ac_cv_env_LDFLAGS_set=
ac_cv_env_LDFLAGS_value=
ac_cv_env_LIBS_set=
ac_cv_env_LIBS_value=
ac_cv_env_build_alias_set=
ac_cv_env_build_alias_value=
ac_cv_env_host_alias_set=
ac_cv_env_host_alias_value=
ac_cv_env_target_alias_set=
ac_cv_env_target_alias_value=
ac_cv_objext=o
ac_cv_path_install='/usr/bin/install -c'
ac_cv_path_mkdir=/bin/mkdir
ac_cv_prog_AWK=gawk
ac_cv_prog_ac_ct_CXX=g++
ac_cv_prog_cxx_g=yes
ac_cv_prog_make_make_set=yes
am_cv_CXX_dependencies_compiler_type=gcc3
am_cv_make_support_nested_variables=yes

## ----------------- ##
## Output variables. ##
## ----------------- ##

ACLOCAL='${SHELL} /home/aleks/Projects/bettermake/missing aclocal-1.16'
AMDEPBACKSLASH='\'
AMDEP_FALSE='#'
AMDEP_TRUE=''
AMTAR='$${TAR-tar}'
AM_BACKSLASH='\'
AM_DEFAULT_V='$(AM_DEFAULT_VERBOSITY)'
AM_DEFAULT_VERBOSITY='1'
AM_V='$(V)'
AUTOCONF='${SHELL} /home/aleks/Projects/bettermake/missing autoconf'
AUTOHEADER='${SHELL} /home/aleks/Projects/bettermake/missing autoheader'
AUTOMAKE='${SHELL} /home/aleks/Projects/bettermake/missing automake-1.16'
AWK='gawk'
CPPFLAGS=''
CXX='g++'
CXXDEPMODE='depmode=gcc3'
CXXFLAGS='-g -O2'
CYGPATH_W='echo'
DEFS='-DHAVE_CONFIG_H'
DEPDIR='.deps'
ECHO_C=''
ECHO_N='-n'
ECHO_T=''
EXEEXT=''
INSTALL_DATA='${INSTALL} -m 644'
INSTALL_PROGRAM='${INSTALL}'
INSTALL_SCRIPT='${INSTALL}'
INSTALL_STRIP_PROGRAM='$(install_sh) -c -s'
LDFLAGS=''
LIBOBJS=''
LIBS=''
LTLIBOBJS=''
MAKEINFO='${SHELL} /home/aleks/Projects/bettermake/missing makeinfo'
MKDIR_P='/bin/mkdir -p'
OBJEXT='o'
PACKAGE='bettermake'
PACKAGE_BUGREPORT='munchkinhalfling@pm.me'
PACKAGE_NAME='bettermake'
PACKAGE_STRING='bettermake 1.0'
PACKAGE_TARNAME='bettermake'
PACKAGE_URL=''
PACKAGE_VERSION='1.0'
PATH_SEPARATOR=':'
SET_MAKE=''
SHELL='/bin/sh'
STRIP=''
VERSION='1.0'
ac_ct_CXX='g++'
am__EXEEXT_FALSE=''
am__EXEEXT_TRUE='#'
am__fastdepCXX_FALSE='#'
am__fastdepCXX_TRUE=''
am__include='include'
am__isrc=''
am__leading_dot='.'
am__nodep='_no'
am__quote=''
am__tar='$${TAR-tar} chof - "$$tardir"'
am__untar='$${TAR-tar} xf -'
bindir='${exec_prefix}/bin'
build_alias=''
datadir='${datarootdir}'
datarootdir='${prefix}/share'
docdir='${datarootdir}/doc/${PACKAGE_TARNAME}'
dvidir='${docdir}'
exec_prefix='${prefix}'
host_alias=''
htmldir='${docdir}'
includedir='${prefix}/include'
infodir='${datarootdir}/info'
install_sh='${SHELL} /home/aleks/Projects/bettermake/install-sh'
libdir='${exec_prefix}/lib'
libexecdir='${exec_prefix}/libexec'
localedir='${datarootdir}/locale'
localstatedir='${prefix}/var'
mandir='${datarootdir}/man'
mkdir_p='$(MKDIR_P)'
oldincludedir='/usr/include'
pdfdir='${docdir}'
prefix='/usr/local'
program_transform_name='s,x,x,'
psdir='${docdir}'
sbindir='${exec_prefix}/sbin'
sharedstatedir='${prefix}/com'
sysconfdir='${prefix}/etc'
target_alias=''

## ----------- ##
## confdefs.h. ##
## ----------- ##

/* confdefs.h */
#define PACKAGE_NAME "bettermake"
#define PACKAGE_TARNAME "bettermake"
#define PACKAGE_VERSION "1.0"
#define PACKAGE_STRING "bettermake 1.0"
#define PACKAGE_BUGREPORT "munchkinhalfling@pm.me"
#define PACKAGE_URL ""
#define PACKAGE "bettermake"
#define VERSION "1.0"

configure: exit 0

## ---------------------- ##
## Running config.status. ##
## ---------------------- ##

This file was extended by bettermake config.status 1.0, which was
generated by GNU Autoconf 2.69.  Invocation command line was

  CONFIG_FILES    = 
  CONFIG_HEADERS  = 
  CONFIG_LINKS    = 
  CONFIG_COMMANDS = 
  $ ./config.status Makefile depfiles

on aleks-solus

config.status:835: creating Makefile
config.status:1064: executing depfiles commands
config.status:1141: cd .       && sed -e '/# am--include-marker/d' Makefile         | make -f - am--depfiles
make[1]: Entering directory '/home/aleks/Projects/bettermake'
make[1]: Leaving directory '/home/aleks/Projects/bettermake'
config.status:1146: $? = 0

## ---------------------- ##
## Running config.status. ##
## ---------------------- ##

This file was extended by bettermake config.status 1.0, which was
generated by GNU Autoconf 2.69.  Invocation command line was

  CONFIG_FILES    = 
  CONFIG_HEADERS  = 
  CONFIG_LINKS    = 
  CONFIG_COMMANDS = 
  $ ./config.status Makefile depfiles

on aleks-solus

config.status:835: creating Makefile
config.status:1064: executing depfiles commands
config.status:1141: cd .       && sed -e '/# am--include-marker/d' Makefile         | make -f - am--depfiles
make[1]: Entering directory '/home/aleks/Projects/bettermake'
make[1]: Nothing to be done for 'am--depfiles'.
make[1]: Leaving directory '/home/aleks/Projects/bettermake'
config.status:1146: $? = 0

## ---------------------- ##
## Running config.status. ##
## ---------------------- ##

This file was extended by bettermake config.status 1.0, which was
generated by GNU Autoconf 2.69.  Invocation command line was

  CONFIG_FILES    = 
  CONFIG_HEADERS  = 
  CONFIG_LINKS    = 
  CONFIG_COMMANDS = 
  $ ./config.status Makefile depfiles

on aleks-solus

config.status:835: creating Makefile
config.status:1064: executing depfiles commands
config.status:1141: cd .       && sed -e '/# am--include-marker/d' Makefile         | make -f - am--depfiles
make[1]: Entering directory '/home/aleks/Projects/bettermake'
make[1]: Nothing to be done for 'am--depfiles'.
make[1]: Leaving directory '/home/aleks/Projects/bettermake'
config.status:1146: $? = 0
